<?xml version="1.0" encoding="UTF-8"?>
<!-- Generated by org.testng.reporters.JUnitReportReporter -->
<testsuite skipped="0" hostname="LAPTOP-G8R015TH" name="streamsTutorial.StreamPractice" tests="4" failures="0" timestamp="2020-09-14T12:26:09 IST" time="0.032" errors="0">
  <testcase name="streamCollect" time="0.005" classname="streamsTutorial.StreamPractice"/>
  <testcase name="streamMap" time="0.006" classname="streamsTutorial.StreamPractice"/>
  <testcase name="regular" time="0.013" classname="streamsTutorial.StreamPractice"/>
  <testcase name="streamFilter" time="0.008" classname="streamsTutorial.StreamPractice"/>
</testsuite> <!-- streamsTutorial.StreamPractice -->
